<?xml version="1.0" encoding="UTF-8"?>
<testng-results skipped="0" failed="2" total="2" passed="0">
  <reporter-output>
  </reporter-output>
  <suite name="Suite" duration-ms="46492" started-at="2022-08-17T04:27:28Z" finished-at="2022-08-17T04:28:14Z">
    <groups>
      <group name="cucumber">
        <method signature="AbstractTestNGCucumberTests.runScenario(io.cucumber.testng.PickleWrapper, io.cucumber.testng.FeatureWrapper)[pri:0, instance:com.wizards.Runner.TestRunner@7823a2f9]" name="runScenario" class="io.cucumber.testng.AbstractTestNGCucumberTests"/>
      </group> <!-- cucumber -->
    </groups>
    <test name="RunnerTest" duration-ms="46492" started-at="2022-08-17T04:27:28Z" finished-at="2022-08-17T04:28:14Z">
      <class name="com.wizards.Runner.TestRunner">
        <test-method status="PASS" signature="setUpClass()[pri:0, instance:com.wizards.Runner.TestRunner@7823a2f9]" name="setUpClass" is-config="true" duration-ms="879" started-at="2022-08-17T09:57:28Z" finished-at="2022-08-17T09:57:28Z">
          <reporter-output>
          </reporter-output>
        </test-method> <!-- setUpClass -->
        <test-method status="FAIL" signature="runScenario(io.cucumber.testng.PickleWrapper, io.cucumber.testng.FeatureWrapper)[pri:0, instance:com.wizards.Runner.TestRunner@7823a2f9]" name="runScenario" duration-ms="30457" started-at="2022-08-17T09:57:29Z" description="Runs Cucumber Scenarios" data-provider="scenarios" finished-at="2022-08-17T09:57:59Z">
          <params>
            <param index="0">
              <value>
                <![CDATA["Contact Us Scenario with different set of Data"]]>
              </value>
            </param>
            <param index="1">
              <value>
                <![CDATA["Optional[Contact Us Feature]"]]>
              </value>
            </param>
          </params>
          <exception class="org.openqa.selenium.UnsupportedCommandException">
            <message>
              <![CDATA[getElementDomAttribute
Build info: version: '4.1.0', revision: '87802e897b'
System info: host: 'LAPTOP-F8VFH2TR', ip: '192.168.29.21', os.name: 'Windows 10', os.arch: 'amd64', os.version: '10.0', java.version: '1.8.0_161'
Driver info: org.openqa.selenium.opera.OperaDriver
Command: [67e8a660c18d9bd1fa80e724113ae311, getElementDomAttribute {id=0.3065722122545369-1, name=multiple}]
Capabilities {acceptInsecureCerts: false, acceptSslCerts: false, browserConnectionEnabled: false, browserName: opera, cssSelectorsEnabled: true, databaseEnabled: false, goog:chromeOptions: {debuggerAddress: localhost:58227}, handlesAlerts: true, hasTouchScreen: false, javascriptEnabled: true, locationContextEnabled: true, mobileEmulationEnabled: false, nativeEvents: true, networkConnectionEnabled: false, opera: {operadriverVersion: 103.0.5060.66 (20b1569438a8..., userDataDir: C:\Users\rames\AppData\Loca...}, pageLoadStrategy: normal, platform: WINDOWS, platformName: WINDOWS, proxy: Proxy(), rotatable: false, setWindowRect: true, strictFileInteractability: false, takesHeapSnapshot: true, takesScreenshot: true, timeouts: {implicit: 0, pageLoad: 300000, script: 30000}, unexpectedAlertBehaviour: ignore, unhandledPromptBehavior: ignore, version: 103.0.5060.134, webStorageEnabled: true, webauthn:extension:credBlob: true, webauthn:extension:largeBlob: true, webauthn:virtualAuthenticators: true}
Element: [[OperaDriver: opera on WINDOWS (67e8a660c18d9bd1fa80e724113ae311)] -> id: id_contact]
Session ID: 67e8a660c18d9bd1fa80e724113ae311]]>
            </message>
            <full-stacktrace>
              <![CDATA[org.openqa.selenium.UnsupportedCommandException: getElementDomAttribute
Build info: version: '4.1.0', revision: '87802e897b'
System info: host: 'LAPTOP-F8VFH2TR', ip: '192.168.29.21', os.name: 'Windows 10', os.arch: 'amd64', os.version: '10.0', java.version: '1.8.0_161'
Driver info: org.openqa.selenium.opera.OperaDriver
Command: [67e8a660c18d9bd1fa80e724113ae311, getElementDomAttribute {id=0.3065722122545369-1, name=multiple}]
Capabilities {acceptInsecureCerts: false, acceptSslCerts: false, browserConnectionEnabled: false, browserName: opera, cssSelectorsEnabled: true, databaseEnabled: false, goog:chromeOptions: {debuggerAddress: localhost:58227}, handlesAlerts: true, hasTouchScreen: false, javascriptEnabled: true, locationContextEnabled: true, mobileEmulationEnabled: false, nativeEvents: true, networkConnectionEnabled: false, opera: {operadriverVersion: 103.0.5060.66 (20b1569438a8..., userDataDir: C:\Users\rames\AppData\Loca...}, pageLoadStrategy: normal, platform: WINDOWS, platformName: WINDOWS, proxy: Proxy(), rotatable: false, setWindowRect: true, strictFileInteractability: false, takesHeapSnapshot: true, takesScreenshot: true, timeouts: {implicit: 0, pageLoad: 300000, script: 30000}, unexpectedAlertBehaviour: ignore, unhandledPromptBehavior: ignore, version: 103.0.5060.134, webStorageEnabled: true, webauthn:extension:credBlob: true, webauthn:extension:largeBlob: true, webauthn:virtualAuthenticators: true}
Element: [[OperaDriver: opera on WINDOWS (67e8a660c18d9bd1fa80e724113ae311)] -> id: id_contact]
Session ID: 67e8a660c18d9bd1fa80e724113ae311
	at org.openqa.selenium.remote.codec.AbstractHttpCommandCodec.encode(AbstractHttpCommandCodec.java:250)
	at org.openqa.selenium.remote.codec.AbstractHttpCommandCodec.encode(AbstractHttpCommandCodec.java:127)
	at org.openqa.selenium.remote.HttpCommandExecutor.execute(HttpCommandExecutor.java:172)
	at org.openqa.selenium.remote.service.DriverCommandExecutor.invokeExecute(DriverCommandExecutor.java:164)
	at org.openqa.selenium.remote.service.DriverCommandExecutor.execute(DriverCommandExecutor.java:139)
	at org.openqa.selenium.remote.RemoteWebDriver.execute(RemoteWebDriver.java:559)
	at org.openqa.selenium.remote.RemoteWebElement.execute(RemoteWebElement.java:251)
	at org.openqa.selenium.remote.RemoteWebElement.getDomAttribute(RemoteWebElement.java:145)
	at org.openqa.selenium.support.ui.Select.<init>(Select.java:54)
	at com.wizards.pages.ContactUsPage.fillContactUsForm(ContactUsPage.java:36)
	at com.wizards.steps.ContactUsPageSteps.user_fills_the_form_from_given_sheetname_and_rownumber(ContactUsPageSteps.java:44)
	at ?.user fills the form from given sheetname "Contactus" and rownumber 0(file:///C:/OldLaptop/Selenium/CucumberWizards/src/test/resources/features/ContactUs.feature:7)
]]>
            </full-stacktrace>
          </exception> <!-- org.openqa.selenium.UnsupportedCommandException -->
          <reporter-output>
          </reporter-output>
        </test-method> <!-- runScenario -->
        <test-method status="FAIL" signature="runScenario(io.cucumber.testng.PickleWrapper, io.cucumber.testng.FeatureWrapper)[pri:0, instance:com.wizards.Runner.TestRunner@7823a2f9]" name="runScenario" duration-ms="31276" started-at="2022-08-17T09:57:29Z" description="Runs Cucumber Scenarios" data-provider="scenarios" finished-at="2022-08-17T09:58:00Z">
          <params>
            <param index="0">
              <value>
                <![CDATA["Contact Us Scenario with different set of Data"]]>
              </value>
            </param>
            <param index="1">
              <value>
                <![CDATA["Optional[Contact Us Feature]"]]>
              </value>
            </param>
          </params>
          <exception class="org.openqa.selenium.UnsupportedCommandException">
            <message>
              <![CDATA[getElementDomAttribute
Build info: version: '4.1.0', revision: '87802e897b'
System info: host: 'LAPTOP-F8VFH2TR', ip: '192.168.29.21', os.name: 'Windows 10', os.arch: 'amd64', os.version: '10.0', java.version: '1.8.0_161'
Driver info: org.openqa.selenium.opera.OperaDriver
Command: [c3deab881dc84787de4c1cec9ce51c3c, getElementDomAttribute {id=0.8835125241179975-1, name=multiple}]
Capabilities {acceptInsecureCerts: false, acceptSslCerts: false, browserConnectionEnabled: false, browserName: opera, cssSelectorsEnabled: true, databaseEnabled: false, goog:chromeOptions: {debuggerAddress: localhost:58228}, handlesAlerts: true, hasTouchScreen: false, javascriptEnabled: true, locationContextEnabled: true, mobileEmulationEnabled: false, nativeEvents: true, networkConnectionEnabled: false, opera: {operadriverVersion: 103.0.5060.66 (20b1569438a8..., userDataDir: C:\Users\rames\AppData\Loca...}, pageLoadStrategy: normal, platform: WINDOWS, platformName: WINDOWS, proxy: Proxy(), rotatable: false, setWindowRect: true, strictFileInteractability: false, takesHeapSnapshot: true, takesScreenshot: true, timeouts: {implicit: 0, pageLoad: 300000, script: 30000}, unexpectedAlertBehaviour: ignore, unhandledPromptBehavior: ignore, version: 103.0.5060.134, webStorageEnabled: true, webauthn:extension:credBlob: true, webauthn:extension:largeBlob: true, webauthn:virtualAuthenticators: true}
Element: [[OperaDriver: opera on WINDOWS (c3deab881dc84787de4c1cec9ce51c3c)] -> id: id_contact]
Session ID: c3deab881dc84787de4c1cec9ce51c3c]]>
            </message>
            <full-stacktrace>
              <![CDATA[org.openqa.selenium.UnsupportedCommandException: getElementDomAttribute
Build info: version: '4.1.0', revision: '87802e897b'
System info: host: 'LAPTOP-F8VFH2TR', ip: '192.168.29.21', os.name: 'Windows 10', os.arch: 'amd64', os.version: '10.0', java.version: '1.8.0_161'
Driver info: org.openqa.selenium.opera.OperaDriver
Command: [c3deab881dc84787de4c1cec9ce51c3c, getElementDomAttribute {id=0.8835125241179975-1, name=multiple}]
Capabilities {acceptInsecureCerts: false, acceptSslCerts: false, browserConnectionEnabled: false, browserName: opera, cssSelectorsEnabled: true, databaseEnabled: false, goog:chromeOptions: {debuggerAddress: localhost:58228}, handlesAlerts: true, hasTouchScreen: false, javascriptEnabled: true, locationContextEnabled: true, mobileEmulationEnabled: false, nativeEvents: true, networkConnectionEnabled: false, opera: {operadriverVersion: 103.0.5060.66 (20b1569438a8..., userDataDir: C:\Users\rames\AppData\Loca...}, pageLoadStrategy: normal, platform: WINDOWS, platformName: WINDOWS, proxy: Proxy(), rotatable: false, setWindowRect: true, strictFileInteractability: false, takesHeapSnapshot: true, takesScreenshot: true, timeouts: {implicit: 0, pageLoad: 300000, script: 30000}, unexpectedAlertBehaviour: ignore, unhandledPromptBehavior: ignore, version: 103.0.5060.134, webStorageEnabled: true, webauthn:extension:credBlob: true, webauthn:extension:largeBlob: true, webauthn:virtualAuthenticators: true}
Element: [[OperaDriver: opera on WINDOWS (c3deab881dc84787de4c1cec9ce51c3c)] -> id: id_contact]
Session ID: c3deab881dc84787de4c1cec9ce51c3c
	at org.openqa.selenium.remote.codec.AbstractHttpCommandCodec.encode(AbstractHttpCommandCodec.java:250)
	at org.openqa.selenium.remote.codec.AbstractHttpCommandCodec.encode(AbstractHttpCommandCodec.java:127)
	at org.openqa.selenium.remote.HttpCommandExecutor.execute(HttpCommandExecutor.java:172)
	at org.openqa.selenium.remote.service.DriverCommandExecutor.invokeExecute(DriverCommandExecutor.java:164)
	at org.openqa.selenium.remote.service.DriverCommandExecutor.execute(DriverCommandExecutor.java:139)
	at org.openqa.selenium.remote.RemoteWebDriver.execute(RemoteWebDriver.java:559)
	at org.openqa.selenium.remote.RemoteWebElement.execute(RemoteWebElement.java:251)
	at org.openqa.selenium.remote.RemoteWebElement.getDomAttribute(RemoteWebElement.java:145)
	at org.openqa.selenium.support.ui.Select.<init>(Select.java:54)
	at com.wizards.pages.ContactUsPage.fillContactUsForm(ContactUsPage.java:36)
	at com.wizards.steps.ContactUsPageSteps.user_fills_the_form_from_given_sheetname_and_rownumber(ContactUsPageSteps.java:44)
	at ?.user fills the form from given sheetname "Contactus" and rownumber 1(file:///C:/OldLaptop/Selenium/CucumberWizards/src/test/resources/features/ContactUs.feature:7)
]]>
            </full-stacktrace>
          </exception> <!-- org.openqa.selenium.UnsupportedCommandException -->
          <reporter-output>
          </reporter-output>
        </test-method> <!-- runScenario -->
        <test-method status="PASS" signature="tearDownClass()[pri:0, instance:com.wizards.Runner.TestRunner@7823a2f9]" name="tearDownClass" is-config="true" duration-ms="14319" started-at="2022-08-17T09:58:00Z" finished-at="2022-08-17T09:58:14Z">
          <reporter-output>
          </reporter-output>
        </test-method> <!-- tearDownClass -->
      </class> <!-- com.wizards.Runner.TestRunner -->
    </test> <!-- RunnerTest -->
  </suite> <!-- Suite -->
</testng-results>
