<?xml version="1.0" encoding="UTF-8"?>
<testsuite xmlns:xsi="http://www.w3.org/2001/XMLSchema-instance" xsi:noNamespaceSchemaLocation="https://maven.apache.org/surefire/maven-failsafe-plugin/xsd/failsafe-test-report-3.0.xsd" version="3.0" name="Contact Us Feature" time="41.822" tests="2" errors="0" skipped="0" failures="0">
  <properties>
[...]
</properties>
  <testcase name="Contact Us Scenario with different set of Data #1" classname="Contact Us Feature" time="22.202"/>
  <testcase name="Contact Us Scenario with different set of Data #2" classname="Contact Us Feature" time="19.616"/>
</testsuite>